<?xml version="1.0" encoding="UTF-8"?>
<coverage generated="1645115888346" clover="3.2.0">
  <project timestamp="1645115888347" name="All files">
    <metrics statements="1" coveredstatements="1" conditionals="1" coveredconditionals="1" methods="1" coveredmethods="1" elements="3" coveredelements="3" complexity="0" loc="1" ncloc="1" packages="1" files="1" classes="1"/>
    <file name="Alert.jsx" path="/Users/juanjoortiz/dev/BadCo_shop/src/Components/Alert/Alert.jsx">
      <metrics statements="1" coveredstatements="1" conditionals="1" coveredconditionals="1" methods="1" coveredmethods="1"/>
      <line num="5" count="1" type="stmt"/>
    </file>
  </project>
</coverage>
